{
  "stats": {
    "suites": 1,
    "tests": 1,
    "passes": 1,
    "pending": 0,
    "failures": 0,
    "start": "2022-06-05T10:29:25.275Z",
    "end": "2022-06-05T10:30:05.851Z",
    "duration": 40576,
    "testsRegistered": 1,
    "passPercent": 100,
    "pendingPercent": 0,
    "other": 0,
    "hasOther": false,
    "skipped": 0,
    "hasSkipped": false
  },
  "results": [
    {
      "uuid": "3f8d3084-4174-4367-82b0-a2de5bf921e2",
      "title": "",
      "fullFile": "cypress\\e2e\\steps\\searchProduct.feature",
      "file": "cypress\\e2e\\steps\\searchProduct.feature",
      "beforeHooks": [],
      "afterHooks": [],
      "tests": [],
      "suites": [
        {
          "uuid": "7d59acea-a3fe-4927-a07b-eeab79e19556",
          "title": "Search product by name",
          "fullFile": "",
          "file": "",
          "beforeHooks": [],
          "afterHooks": [],
          "tests": [
            {
              "title": "Search product and Add to Cart",
              "fullTitle": "Search product by name Search product and Add to Cart",
              "timedOut": null,
              "duration": 34166,
              "state": "passed",
              "speed": "slow",
              "pass": true,
              "fail": false,
              "pending": false,
              "context": null,
              "code": "const state = window.testState;\nreturn cy\n  .then(() => state.onStartScenario(scenario, indexedSteps))\n  .then(() =>\n    resolveAndRunBeforeHooks.call(this, scenario.tags, state.feature.name)\n  )\n  .then(() =>\n    indexedSteps.forEach((step) =>\n      stepTest.call(this, state, step, rowData)\n    )\n  )\n  .then(() => state.onFinishScenario(scenario));",
              "err": {},
              "uuid": "b05554a7-4538-4e3a-af0f-eb491b51c400",
              "parentUUID": "7d59acea-a3fe-4927-a07b-eeab79e19556",
              "isHook": false,
              "skipped": false
            }
          ],
          "suites": [],
          "passes": [
            "b05554a7-4538-4e3a-af0f-eb491b51c400"
          ],
          "failures": [],
          "pending": [],
          "skipped": [],
          "duration": 34166,
          "root": false,
          "rootEmpty": false,
          "_timeout": 2000
        }
      ],
      "passes": [],
      "failures": [],
      "pending": [],
      "skipped": [],
      "duration": 0,
      "root": true,
      "rootEmpty": true,
      "_timeout": 2000
    }
  ],
  "meta": {
    "mocha": {
      "version": "7.0.1"
    },
    "mochawesome": {
      "options": {
        "quiet": false,
        "reportFilename": "mochawesome",
        "saveHtml": false,
        "saveJson": true,
        "consoleReporter": "spec",
        "useInlineDiffs": false,
        "code": true
      },
      "version": "7.0.1"
    },
    "marge": {
      "options": {
        "id": "default",
        "reportDir": "cypress/reports/mocha",
        "quite": true,
        "overwrite": false,
        "html": false,
        "json": true
      },
      "version": "6.0.1"
    }
  }
}