{
  "stats": {
    "suites": 1,
    "tests": 2,
    "passes": 2,
    "pending": 0,
    "failures": 0,
    "start": "2022-10-08T12:25:20.894Z",
    "end": "2022-10-08T12:26:28.489Z",
    "duration": 67595,
    "testsRegistered": 2,
    "passPercent": 100,
    "pendingPercent": 0,
    "other": 0,
    "hasOther": false,
    "skipped": 0,
    "hasSkipped": false
  },
  "results": [
    {
      "uuid": "afbe8d83-1fd1-4341-bde6-4bb522bf6031",
      "title": "",
      "fullFile": "cypress\\e2e\\steps\\makeOrders.feature",
      "file": "cypress\\e2e\\steps\\makeOrders.feature",
      "beforeHooks": [],
      "afterHooks": [],
      "tests": [],
      "suites": [
        {
          "uuid": "ab181bf2-4ef1-44de-a3d7-a57634e365f1",
          "title": "Ordering products successfully",
          "fullFile": "",
          "file": "",
          "beforeHooks": [],
          "afterHooks": [],
          "tests": [
            {
              "title": "Make an Order",
              "fullTitle": "Ordering products successfully Make an Order",
              "timedOut": null,
              "duration": 29849,
              "state": "passed",
              "speed": "slow",
              "pass": true,
              "fail": false,
              "pending": false,
              "context": null,
              "code": "const state = window.testState;\nreturn cy\n  .then(() => state.onStartScenario(scenario, indexedSteps))\n  .then(() =>\n    resolveAndRunBeforeHooks.call(this, scenario.tags, state.feature.name)\n  )\n  .then(() =>\n    indexedSteps.forEach((step) =>\n      stepTest.call(this, state, step, rowData)\n    )\n  )\n  .then(() => state.onFinishScenario(scenario));",
              "err": {},
              "uuid": "70a59187-6604-41d1-81c7-0c3399098785",
              "parentUUID": "ab181bf2-4ef1-44de-a3d7-a57634e365f1",
              "isHook": false,
              "skipped": false
            },
            {
              "title": "Make Order with increased Quantity",
              "fullTitle": "Ordering products successfully Make Order with increased Quantity",
              "timedOut": null,
              "duration": 30869,
              "state": "passed",
              "speed": "slow",
              "pass": true,
              "fail": false,
              "pending": false,
              "context": null,
              "code": "const state = window.testState;\nreturn cy\n  .then(() => state.onStartScenario(scenario, indexedSteps))\n  .then(() =>\n    resolveAndRunBeforeHooks.call(this, scenario.tags, state.feature.name)\n  )\n  .then(() =>\n    indexedSteps.forEach((step) =>\n      stepTest.call(this, state, step, rowData)\n    )\n  )\n  .then(() => state.onFinishScenario(scenario));",
              "err": {},
              "uuid": "4061d812-fea4-45f8-abe5-61811b663a68",
              "parentUUID": "ab181bf2-4ef1-44de-a3d7-a57634e365f1",
              "isHook": false,
              "skipped": false
            }
          ],
          "suites": [],
          "passes": [
            "70a59187-6604-41d1-81c7-0c3399098785",
            "4061d812-fea4-45f8-abe5-61811b663a68"
          ],
          "failures": [],
          "pending": [],
          "skipped": [],
          "duration": 60718,
          "root": false,
          "rootEmpty": false,
          "_timeout": 2000
        }
      ],
      "passes": [],
      "failures": [],
      "pending": [],
      "skipped": [],
      "duration": 0,
      "root": true,
      "rootEmpty": true,
      "_timeout": 2000
    }
  ],
  "meta": {
    "mocha": {
      "version": "7.0.1"
    },
    "mochawesome": {
      "options": {
        "quiet": false,
        "reportFilename": "mochawesome",
        "saveHtml": false,
        "saveJson": true,
        "consoleReporter": "spec",
        "useInlineDiffs": false,
        "code": true
      },
      "version": "7.0.1"
    },
    "marge": {
      "options": {
        "id": "default",
        "reportDir": "cypress/reports/mocha",
        "quite": true,
        "overwrite": false,
        "html": false,
        "json": true
      },
      "version": "6.0.1"
    }
  }
}