{
  "stats": {
    "suites": 1,
    "tests": 2,
    "passes": 2,
    "pending": 0,
    "failures": 0,
    "start": "2022-06-05T10:28:13.292Z",
    "end": "2022-06-05T10:29:10.927Z",
    "duration": 57635,
    "testsRegistered": 2,
    "passPercent": 100,
    "pendingPercent": 0,
    "other": 0,
    "hasOther": false,
    "skipped": 0,
    "hasSkipped": false
  },
  "results": [
    {
      "uuid": "2c161d22-a77b-44ff-a021-2aa520ab8f9f",
      "title": "",
      "fullFile": "cypress\\e2e\\steps\\makeOrders.feature",
      "file": "cypress\\e2e\\steps\\makeOrders.feature",
      "beforeHooks": [],
      "afterHooks": [],
      "tests": [],
      "suites": [
        {
          "uuid": "0699ab58-ce7e-480d-9b31-bc9710e4fac4",
          "title": "Ordering products successfully",
          "fullFile": "",
          "file": "",
          "beforeHooks": [],
          "afterHooks": [],
          "tests": [
            {
              "title": "Make an Order",
              "fullTitle": "Ordering products successfully Make an Order",
              "timedOut": null,
              "duration": 25927,
              "state": "passed",
              "speed": "slow",
              "pass": true,
              "fail": false,
              "pending": false,
              "context": null,
              "code": "const state = window.testState;\nreturn cy\n  .then(() => state.onStartScenario(scenario, indexedSteps))\n  .then(() =>\n    resolveAndRunBeforeHooks.call(this, scenario.tags, state.feature.name)\n  )\n  .then(() =>\n    indexedSteps.forEach((step) =>\n      stepTest.call(this, state, step, rowData)\n    )\n  )\n  .then(() => state.onFinishScenario(scenario));",
              "err": {},
              "uuid": "598aed0c-12dd-4b59-b4f8-973da4ccf4da",
              "parentUUID": "0699ab58-ce7e-480d-9b31-bc9710e4fac4",
              "isHook": false,
              "skipped": false
            },
            {
              "title": "Make Order with increased Quantity",
              "fullTitle": "Ordering products successfully Make Order with increased Quantity",
              "timedOut": null,
              "duration": 27158,
              "state": "passed",
              "speed": "slow",
              "pass": true,
              "fail": false,
              "pending": false,
              "context": null,
              "code": "const state = window.testState;\nreturn cy\n  .then(() => state.onStartScenario(scenario, indexedSteps))\n  .then(() =>\n    resolveAndRunBeforeHooks.call(this, scenario.tags, state.feature.name)\n  )\n  .then(() =>\n    indexedSteps.forEach((step) =>\n      stepTest.call(this, state, step, rowData)\n    )\n  )\n  .then(() => state.onFinishScenario(scenario));",
              "err": {},
              "uuid": "af55815f-aa86-4146-b919-ab01f9ecd2a0",
              "parentUUID": "0699ab58-ce7e-480d-9b31-bc9710e4fac4",
              "isHook": false,
              "skipped": false
            }
          ],
          "suites": [],
          "passes": [
            "598aed0c-12dd-4b59-b4f8-973da4ccf4da",
            "af55815f-aa86-4146-b919-ab01f9ecd2a0"
          ],
          "failures": [],
          "pending": [],
          "skipped": [],
          "duration": 53085,
          "root": false,
          "rootEmpty": false,
          "_timeout": 2000
        }
      ],
      "passes": [],
      "failures": [],
      "pending": [],
      "skipped": [],
      "duration": 0,
      "root": true,
      "rootEmpty": true,
      "_timeout": 2000
    }
  ],
  "meta": {
    "mocha": {
      "version": "7.0.1"
    },
    "mochawesome": {
      "options": {
        "quiet": false,
        "reportFilename": "mochawesome",
        "saveHtml": false,
        "saveJson": true,
        "consoleReporter": "spec",
        "useInlineDiffs": false,
        "code": true
      },
      "version": "7.0.1"
    },
    "marge": {
      "options": {
        "id": "default",
        "reportDir": "cypress/reports/mocha",
        "quite": true,
        "overwrite": false,
        "html": false,
        "json": true
      },
      "version": "6.0.1"
    }
  }
}