{
  "stats": {
    "suites": 1,
    "tests": 2,
    "passes": 2,
    "pending": 0,
    "failures": 0,
    "start": "2022-06-05T10:10:33.525Z",
    "end": "2022-06-05T10:12:51.442Z",
    "duration": 137917,
    "testsRegistered": 2,
    "passPercent": 100,
    "pendingPercent": 0,
    "other": 0,
    "hasOther": false,
    "skipped": 0,
    "hasSkipped": false
  },
  "results": [
    {
      "uuid": "be6bca88-6415-4c19-a25b-c6728c5e3abe",
      "title": "",
      "fullFile": "cypress\\e2e\\steps\\makeOrders.feature",
      "file": "cypress\\e2e\\steps\\makeOrders.feature",
      "beforeHooks": [],
      "afterHooks": [],
      "tests": [],
      "suites": [
        {
          "uuid": "084782e4-8aef-4fa0-9dde-626f12031af7",
          "title": "Ordering products successfully",
          "fullFile": "",
          "file": "",
          "beforeHooks": [],
          "afterHooks": [],
          "tests": [
            {
              "title": "Make an Order",
              "fullTitle": "Ordering products successfully Make an Order",
              "timedOut": null,
              "duration": 90898,
              "state": "passed",
              "speed": "slow",
              "pass": true,
              "fail": false,
              "pending": false,
              "context": null,
              "code": "const state = window.testState;\nreturn cy\n  .then(() => state.onStartScenario(scenario, indexedSteps))\n  .then(() =>\n    resolveAndRunBeforeHooks.call(this, scenario.tags, state.feature.name)\n  )\n  .then(() =>\n    indexedSteps.forEach((step) =>\n      stepTest.call(this, state, step, rowData)\n    )\n  )\n  .then(() => state.onFinishScenario(scenario));",
              "err": {},
              "uuid": "cc4cea86-f943-4652-a6d7-3943870a6303",
              "parentUUID": "084782e4-8aef-4fa0-9dde-626f12031af7",
              "isHook": false,
              "skipped": false
            },
            {
              "title": "Make Order with increased Quantity",
              "fullTitle": "Ordering products successfully Make Order with increased Quantity",
              "timedOut": null,
              "duration": 41757,
              "state": "passed",
              "speed": "slow",
              "pass": true,
              "fail": false,
              "pending": false,
              "context": null,
              "code": "const state = window.testState;\nreturn cy\n  .then(() => state.onStartScenario(scenario, indexedSteps))\n  .then(() =>\n    resolveAndRunBeforeHooks.call(this, scenario.tags, state.feature.name)\n  )\n  .then(() =>\n    indexedSteps.forEach((step) =>\n      stepTest.call(this, state, step, rowData)\n    )\n  )\n  .then(() => state.onFinishScenario(scenario));",
              "err": {},
              "uuid": "6674c7fb-f12c-4341-b9ae-28c919deaa31",
              "parentUUID": "084782e4-8aef-4fa0-9dde-626f12031af7",
              "isHook": false,
              "skipped": false
            }
          ],
          "suites": [],
          "passes": [
            "cc4cea86-f943-4652-a6d7-3943870a6303",
            "6674c7fb-f12c-4341-b9ae-28c919deaa31"
          ],
          "failures": [],
          "pending": [],
          "skipped": [],
          "duration": 132655,
          "root": false,
          "rootEmpty": false,
          "_timeout": 2000
        }
      ],
      "passes": [],
      "failures": [],
      "pending": [],
      "skipped": [],
      "duration": 0,
      "root": true,
      "rootEmpty": true,
      "_timeout": 2000
    }
  ],
  "meta": {
    "mocha": {
      "version": "7.0.1"
    },
    "mochawesome": {
      "options": {
        "quiet": false,
        "reportFilename": "mochawesome",
        "saveHtml": false,
        "saveJson": true,
        "consoleReporter": "spec",
        "useInlineDiffs": false,
        "code": true
      },
      "version": "7.0.1"
    },
    "marge": {
      "options": {
        "id": "default",
        "reportDir": "cypress/reports/mocha",
        "quite": true,
        "overwrite": false,
        "html": false,
        "json": true
      },
      "version": "6.0.1"
    }
  }
}